Drill report for EnergyMeter.kicad_pcb
Created on Tue Jul 19 19:35:54 2022

Copper Layer Stackup:
    =============================================================
    L1 :  F.Cu                      front
    L2 :  In1.Cu                    in1
    L3 :  In2.Cu                    in2
    L4 :  B.Cu                      back


Drill file 'EnergyMeter.drl' contains
    plated through holes:
    =============================================================
    T1  0.300mm  0.0118"  (113 holes)
    T2  0.600mm  0.0236"  (4 holes)  (with 4 slots)
    T3  0.760mm  0.0299"  (12 holes)
    T4  0.800mm  0.0315"  (4 holes)
    T5  0.900mm  0.0354"  (8 holes)
    T6  1.000mm  0.0394"  (9 holes)
    T7  1.020mm  0.0402"  (4 holes)
    T8  1.630mm  0.0642"  (2 holes)

    Total plated holes count 156


Not plated through holes are merged with plated holes
    unplated through holes:
    =============================================================
    T9  0.650mm  0.0256"  (2 holes)
    T10  3.250mm  0.1280"  (6 holes)

    Total unplated holes count 8
